This is pdfTeX, Version 3.1415926-2.5-1.40.14 (TeX Live 2013/Debian) (format=pdflatex 2013.12.5)  20 FEB 2014 19:33
entering extended mode
 restricted \write18 enabled.
 %&-line parsing enabled.
**related.tex
(./related.tex
LaTeX2e <2011/06/27>
Babel <3.9f> and hyphenation patterns for 2 languages loaded.
(/usr/share/texlive/texmf-dist/tex/latex/base/article.cls
Document Class: article 2007/10/19 v1.4h Standard LaTeX document class
(/usr/share/texlive/texmf-dist/tex/latex/base/size10.clo
File: size10.clo 2007/10/19 v1.4h Standard LaTeX file (size option)
)
\c@part=\count79
\c@section=\count80
\c@subsection=\count81
\c@subsubsection=\count82
\c@paragraph=\count83
\c@subparagraph=\count84
\c@figure=\count85
\c@table=\count86
\abovecaptionskip=\skip41
\belowcaptionskip=\skip42
\bibindent=\dimen102
)
(/usr/share/texlive/texmf-dist/tex/latex/graphics/graphicx.sty
Package: graphicx 1999/02/16 v1.0f Enhanced LaTeX Graphics (DPC,SPQR)

(/usr/share/texlive/texmf-dist/tex/latex/graphics/keyval.sty
Package: keyval 1999/03/16 v1.13 key=value parser (DPC)
\KV@toks@=\toks14
)
(/usr/share/texlive/texmf-dist/tex/latex/graphics/graphics.sty
Package: graphics 2009/02/05 v1.0o Standard LaTeX Graphics (DPC,SPQR)

(/usr/share/texlive/texmf-dist/tex/latex/graphics/trig.sty
Package: trig 1999/03/16 v1.09 sin cos tan (DPC)
)
(/usr/share/texlive/texmf-dist/tex/latex/latexconfig/graphics.cfg
File: graphics.cfg 2010/04/23 v1.9 graphics configuration of TeX Live
)
Package graphics Info: Driver file: pdftex.def on input line 91.

(/usr/share/texlive/texmf-dist/tex/latex/pdftex-def/pdftex.def
File: pdftex.def 2011/05/27 v0.06d Graphics/color for pdfTeX

(/usr/share/texlive/texmf-dist/tex/generic/oberdiek/infwarerr.sty
Package: infwarerr 2010/04/08 v1.3 Providing info/warning/error messages (HO)
)
(/usr/share/texlive/texmf-dist/tex/generic/oberdiek/ltxcmds.sty
Package: ltxcmds 2011/11/09 v1.22 LaTeX kernel commands for general use (HO)
)
\Gread@gobject=\count87
))
\Gin@req@height=\dimen103
\Gin@req@width=\dimen104
)
(/usr/share/texlive/texmf-dist/tex/latex/subfig/subfig.sty
Package: subfig 2005/06/28 ver: 1.3 subfig package

(/usr/share/texlive/texmf-dist/tex/latex/caption/caption.sty
Package: caption 2013/05/02 v3.3-89 Customizing captions (AR)

(/usr/share/texlive/texmf-dist/tex/latex/caption/caption3.sty
Package: caption3 2013/05/02 v1.6-88 caption3 kernel (AR)
Package caption3 Info: TeX engine: e-TeX on input line 57.
\captionmargin=\dimen105
\captionmargin@=\dimen106
\captionwidth=\dimen107
\caption@tempdima=\dimen108
\caption@indent=\dimen109
\caption@parindent=\dimen110
\caption@hangindent=\dimen111
)
\c@ContinuedFloat=\count88
)
\c@KVtest=\count89
\sf@farskip=\skip43
\sf@captopadj=\dimen112
\sf@capskip=\skip44
\sf@nearskip=\skip45
\c@subfigure=\count90
\c@subfigure@save=\count91
\c@lofdepth=\count92
\c@subtable=\count93
\c@subtable@save=\count94
\c@lotdepth=\count95
\sf@top=\skip46
\sf@bottom=\skip47
)
(/usr/share/texlive/texmf-dist/tex/latex/amsmath/amsmath.sty
Package: amsmath 2013/01/14 v2.14 AMS math features
\@mathmargin=\skip48

For additional information on amsmath, use the `?' option.
(/usr/share/texlive/texmf-dist/tex/latex/amsmath/amstext.sty
Package: amstext 2000/06/29 v2.01

(/usr/share/texlive/texmf-dist/tex/latex/amsmath/amsgen.sty
File: amsgen.sty 1999/11/30 v2.0
\@emptytoks=\toks15
\ex@=\dimen113
))
(/usr/share/texlive/texmf-dist/tex/latex/amsmath/amsbsy.sty
Package: amsbsy 1999/11/29 v1.2d
\pmbraise@=\dimen114
)
(/usr/share/texlive/texmf-dist/tex/latex/amsmath/amsopn.sty
Package: amsopn 1999/12/14 v2.01 operator names
)
\inf@bad=\count96
LaTeX Info: Redefining \frac on input line 210.
\uproot@=\count97
\leftroot@=\count98
LaTeX Info: Redefining \overline on input line 306.
\classnum@=\count99
\DOTSCASE@=\count100
LaTeX Info: Redefining \ldots on input line 378.
LaTeX Info: Redefining \dots on input line 381.
LaTeX Info: Redefining \cdots on input line 466.
\Mathstrutbox@=\box26
\strutbox@=\box27
\big@size=\dimen115
LaTeX Font Info:    Redeclaring font encoding OML on input line 566.
LaTeX Font Info:    Redeclaring font encoding OMS on input line 567.
\macc@depth=\count101
\c@MaxMatrixCols=\count102
\dotsspace@=\muskip10
\c@parentequation=\count103
\dspbrk@lvl=\count104
\tag@help=\toks16
\row@=\count105
\column@=\count106
\maxfields@=\count107
\andhelp@=\toks17
\eqnshift@=\dimen116
\alignsep@=\dimen117
\tagshift@=\dimen118
\tagwidth@=\dimen119
\totwidth@=\dimen120
\lineht@=\dimen121
\@envbody=\toks18
\multlinegap=\skip49
\multlinetaggap=\skip50
\mathdisplay@stack=\toks19
LaTeX Info: Redefining \[ on input line 2665.
LaTeX Info: Redefining \] on input line 2666.
) (./related.aux)
\openout1 = `related.aux'.

LaTeX Font Info:    Checking defaults for OML/cmm/m/it on input line 5.
LaTeX Font Info:    ... okay on input line 5.
LaTeX Font Info:    Checking defaults for T1/cmr/m/n on input line 5.
LaTeX Font Info:    ... okay on input line 5.
LaTeX Font Info:    Checking defaults for OT1/cmr/m/n on input line 5.
LaTeX Font Info:    ... okay on input line 5.
LaTeX Font Info:    Checking defaults for OMS/cmsy/m/n on input line 5.
LaTeX Font Info:    ... okay on input line 5.
LaTeX Font Info:    Checking defaults for OMX/cmex/m/n on input line 5.
LaTeX Font Info:    ... okay on input line 5.
LaTeX Font Info:    Checking defaults for U/cmr/m/n on input line 5.
LaTeX Font Info:    ... okay on input line 5.

(/usr/share/texlive/texmf-dist/tex/context/base/supp-pdf.mkii
[Loading MPS to PDF converter (version 2006.09.02).]
\scratchcounter=\count108
\scratchdimen=\dimen122
\scratchbox=\box28
\nofMPsegments=\count109
\nofMParguments=\count110
\everyMPshowfont=\toks20
\MPscratchCnt=\count111
\MPscratchDim=\dimen123
\MPnumerator=\count112
\makeMPintoPDFobject=\count113
\everyMPtoPDFconversion=\toks21
) (/usr/share/texlive/texmf-dist/tex/generic/oberdiek/pdftexcmds.sty
Package: pdftexcmds 2011/11/29 v0.20 Utility functions of pdfTeX for LuaTeX (HO
)

(/usr/share/texlive/texmf-dist/tex/generic/oberdiek/ifluatex.sty
Package: ifluatex 2010/03/01 v1.3 Provides the ifluatex switch (HO)
Package ifluatex Info: LuaTeX not detected.
)
(/usr/share/texlive/texmf-dist/tex/generic/oberdiek/ifpdf.sty
Package: ifpdf 2011/01/30 v2.3 Provides the ifpdf switch (HO)
Package ifpdf Info: pdfTeX in PDF mode is detected.
)
Package pdftexcmds Info: LuaTeX not detected.
Package pdftexcmds Info: \pdf@primitive is available.
Package pdftexcmds Info: \pdf@ifprimitive is available.
Package pdftexcmds Info: \pdfdraftmode found.
)
(/usr/share/texlive/texmf-dist/tex/latex/oberdiek/epstopdf-base.sty
Package: epstopdf-base 2010/02/09 v2.5 Base part for package epstopdf

(/usr/share/texlive/texmf-dist/tex/latex/oberdiek/grfext.sty
Package: grfext 2010/08/19 v1.1 Manage graphics extensions (HO)

(/usr/share/texlive/texmf-dist/tex/generic/oberdiek/kvdefinekeys.sty
Package: kvdefinekeys 2011/04/07 v1.3 Define keys (HO)
))
(/usr/share/texlive/texmf-dist/tex/latex/oberdiek/kvoptions.sty
Package: kvoptions 2011/06/30 v3.11 Key value format for package options (HO)

(/usr/share/texlive/texmf-dist/tex/generic/oberdiek/kvsetkeys.sty
Package: kvsetkeys 2012/04/25 v1.16 Key value parser (HO)

(/usr/share/texlive/texmf-dist/tex/generic/oberdiek/etexcmds.sty
Package: etexcmds 2011/02/16 v1.5 Avoid name clashes with e-TeX commands (HO)
Package etexcmds Info: Could not find \expanded.
(etexcmds)             That can mean that you are not using pdfTeX 1.50 or
(etexcmds)             that some package has redefined \expanded.
(etexcmds)             In the latter case, load this package earlier.
)))
Package grfext Info: Graphics extension search list:
(grfext)             [.png,.pdf,.jpg,.mps,.jpeg,.jbig2,.jb2,.PNG,.PDF,.JPG,.JPE
G,.JBIG2,.JB2,.eps]
(grfext)             \AppendGraphicsExtensions on input line 452.

(/usr/share/texlive/texmf-dist/tex/latex/latexconfig/epstopdf-sys.cfg
File: epstopdf-sys.cfg 2010/07/13 v1.3 Configuration of (r)epstopdf for TeX Liv
e
))
Package caption Info: Begin \AtBeginDocument code.
Package caption Info: subfig package v1.3 is loaded.
Package caption Info: End \AtBeginDocument code.
LaTeX Font Info:    Try loading font information for OMS+cmr on input line 11.

(/usr/share/texlive/texmf-dist/tex/latex/base/omscmr.fd
File: omscmr.fd 1999/05/25 v2.5h Standard LaTeX font definitions
)
LaTeX Font Info:    Font shape `OMS/cmr/m/n' in size <10> not available
(Font)              Font shape `OMS/cmsy/m/n' tried instead on input line 11.

<./diagram/ma.pdf, id=1, 845.1575pt x 597.23125pt>
File: ./diagram/ma.pdf Graphic file (type pdf)
 <use ./diagram/ma.pdf>
Package pdftex.def Info: ./diagram/ma.pdf used on input line 22.
(pdftex.def)             Requested size: 338.057pt x 238.88826pt.


LaTeX Warning: Citation `gcm' on page 1 undefined on input line 28.


LaTeX Warning: Citation `cetd' on page 1 undefined on input line 28.

<./diagram/MAC.pdf, id=2, 845.1575pt x 597.23125pt>
File: ./diagram/MAC.pdf Graphic file (type pdf)
 <use ./diagram/MAC.pdf>
Package pdftex.def Info: ./diagram/MAC.pdf used on input line 33.
(pdftex.def)             Requested size: 338.057pt x 238.88826pt.

[1

{/var/lib/texmf/fonts/map/pdftex/updmap/pdftex.map}] [2 <./diagram/ma.pdf> <./d
iagram/MAC.pdf>]

LaTeX Warning: Citation `Rogaway2011' on page 3 undefined on input line 42.


LaTeX Warning: Citation `cbc1994' on page 3 undefined on input line 44.


LaTeX Warning: Citation `signature' on page 3 undefined on input line 44.


LaTeX Warning: Citation `prf' on page 3 undefined on input line 49.


LaTeX Warning: Citation `cbc1994' on page 3 undefined on input line 49.


LaTeX Warning: Citation `prf' on page 3 undefined on input line 51.


LaTeX Warning: Citation `cbc1994' on page 3 undefined on input line 51.


LaTeX Warning: Citation `prf' on page 3 undefined on input line 51.

[3]

LaTeX Warning: Citation `PRP' on page 4 undefined on input line 66.

[4]

LaTeX Warning: Citation `Soto1999' on page 5 undefined on input line 75.


LaTeX Warning: Citation `NIST_suite' on page 5 undefined on input line 75.


LaTeX Warning: Citation `candidate_test' on page 5 undefined on input line 86.


LaTeX Warning: Citation `final_test' on page 5 undefined on input line 86.

<./diagram/cbc-mac.pdf, id=52, 845.1575pt x 597.23125pt>
File: ./diagram/cbc-mac.pdf Graphic file (type pdf)

<use ./diagram/cbc-mac.pdf>
Package pdftex.def Info: ./diagram/cbc-mac.pdf used on input line 90.
(pdftex.def)             Requested size: 253.54921pt x 179.17075pt.


LaTeX Warning: Citation `cbc1994' on page 5 undefined on input line 100.

[5]

LaTeX Warning: Citation `emac' on page 6 undefined on input line 106.

<./diagram/cmac.pdf, id=56, 845.1575pt x 597.23125pt>
File: ./diagram/cmac.pdf Graphic file (type pdf)
 <use ./diagram/cmac.pdf>
Package pdftex.def Info: ./diagram/cmac.pdf used on input line 110.
(pdftex.def)             Requested size: 253.54921pt x 179.17075pt.


LaTeX Warning: Citation `xcbc' on page 6 undefined on input line 116.

[6 <./diagram/cbc-mac.pdf>]

LaTeX Warning: Citation `xcbc' on page 7 undefined on input line 121.


LaTeX Warning: Citation `new' on page 7 undefined on input line 121.


LaTeX Warning: Citation `tmac' on page 7 undefined on input line 124.


LaTeX Warning: Citation `tmac' on page 7 undefined on input line 127.


LaTeX Warning: Citation `new' on page 7 undefined on input line 127.


LaTeX Warning: Citation `omac' on page 7 undefined on input line 129.


LaTeX Warning: Citation `omac' on page 7 undefined on input line 131.

[7 <./diagram/cmac.pdf>]

LaTeX Warning: Citation `alred' on page 8 undefined on input line 133.


LaTeX Warning: Citation `hmac' on page 8 undefined on input line 137.


LaTeX Warning: Citation `xor-mac' on page 8 undefined on input line 142.


LaTeX Warning: Citation `xor-mac' on page 8 undefined on input line 144.


LaTeX Warning: Citation `xor-mac' on page 8 undefined on input line 144.

[8]

LaTeX Warning: Citation `pmac' on page 9 undefined on input line 151.


LaTeX Warning: Citation `pmac' on page 9 undefined on input line 155.


LaTeX Warning: Citation `pmac_forgery' on page 9 undefined on input line 157.


LaTeX Warning: Citation `tweak' on page 9 undefined on input line 160.


LaTeX Warning: Citation `tweak_pmac' on page 9 undefined on input line 160.


LaTeX Warning: Citation `tweak_pmac' on page 9 undefined on input line 163.


LaTeX Warning: Citation `tweak_pmac' on page 9 undefined on input line 163.


LaTeX Warning: Citation `new' on page 9 undefined on input line 164.


LaTeX Warning: Citation `pmac' on page 9 undefined on input line 166.


LaTeX Warning: Citation `improve_pmac' on page 9 undefined on input line 167.


LaTeX Warning: Citation `pmac' on page 9 undefined on input line 167.


LaTeX Warning: Citation `new' on page 9 undefined on input line 167.


LaTeX Warning: Citation `iPMAC' on page 9 undefined on input line 170.

[9]

LaTeX Warning: Citation `iPMAC' on page 10 undefined on input line 172.


LaTeX Warning: Citation `pmac' on page 10 undefined on input line 172.


LaTeX Warning: Citation `gcm' on page 10 undefined on input line 176.


LaTeX Warning: Citation `breaking' on page 10 undefined on input line 182.


LaTeX Warning: Citation `Rogaway2011' on page 10 undefined on input line 184.


LaTeX Warning: Citation `key_recover' on page 10 undefined on input line 186.


LaTeX Warning: Citation `cetd' on page 10 undefined on input line 189.


Overfull \hbox (33.62918pt too wide) in paragraph at lines 189--191
\OT1/cmr/m/n/10 cache line in this pa-per). A nonce is gen-er-ated by en-crypt-
ing a (ad-dress,counter,random)
 []

[10]

LaTeX Warning: Citation `AE_mode' on page 11 undefined on input line 197.


LaTeX Warning: Citation `aead' on page 11 undefined on input line 199.


Overfull \hbox (12.89534pt too wide) in paragraph at lines 193--201
 \OT1/cmr/bx/n/10 The Au-then-ti-cated En-cryp-tion Schemes[] \OT1/cmr/m/n/10 A
f-ter var-i-ous kind of MAC schemes
 []


LaTeX Warning: Citation `aead' on page 11 undefined on input line 202.


LaTeX Warning: Citation `ccm' on page 11 undefined on input line 203.


LaTeX Warning: Citation `eax' on page 11 undefined on input line 204.


LaTeX Warning: Citation `gcm' on page 11 undefined on input line 205.


LaTeX Warning: Citation `breaking' on page 11 undefined on input line 205.


LaTeX Warning: Citation `ocb' on page 11 undefined on input line 206.


LaTeX Warning: Citation `tweak' on page 11 undefined on input line 206.


LaTeX Warning: Citation `iPMAC' on page 11 undefined on input line 206.


LaTeX Warning: Citation `fast' on page 11 undefined on input line 209.


LaTeX Warning: Citation `cycle' on page 11 undefined on input line 212.


LaTeX Warning: Citation `attack_blk' on page 11 undefined on input line 212.


LaTeX Warning: Citation `hardware_attack' on page 11 undefined on input line 21
2.

[11]

LaTeX Warning: Citation `abadi_rogaway' on page 12 undefined on input line 232.



LaTeX Warning: Citation `survey' on page 12 undefined on input line 233.


LaTeX Warning: Citation `survey' on page 12 undefined on input line 235.

[12]

LaTeX Warning: Citation `cryptoverf' on page 13 undefined on input line 239.


LaTeX Warning: Citation `auto_verf' on page 13 undefined on input line 239.


LaTeX Warning: Citation `cetd' on page 13 undefined on input line 250.

(./related.bbl [13] [14]
Underfull \hbox (badness 2913) in paragraph at lines 166--172
[]\OT1/cmr/m/n/10 M. Liskov, R.L. Rivest, and D. Wag-ner.  Tweak-able block ci-

 []

[15] [16]) [17] (./related.aux)

LaTeX Warning: There were undefined references.


LaTeX Warning: Label(s) may have changed. Rerun to get cross-references right.

 ) 
Here is how much of TeX's memory you used:
 3343 strings out of 495031
 50119 string characters out of 6181531
 111663 words of memory out of 5000000
 6530 multiletter control sequences out of 15000+600000
 5958 words of font info for 22 fonts, out of 8000000 for 9000
 14 hyphenation exceptions out of 8191
 44i,8n,42p,763b,273s stack positions out of 5000i,500n,10000p,200000b,80000s
</usr/share/texlive/texmf-dist/fonts/type1/public/amsfonts/cm/cmbx10.pfb></us
r/share/texlive/texmf-dist/fonts/type1/public/amsfonts/cm/cmbx12.pfb></usr/shar
e/texlive/texmf-dist/fonts/type1/public/amsfonts/cm/cmmi10.pfb></usr/share/texl
ive/texmf-dist/fonts/type1/public/amsfonts/cm/cmmi7.pfb></usr/share/texlive/tex
mf-dist/fonts/type1/public/amsfonts/cm/cmr10.pfb></usr/share/texlive/texmf-dist
/fonts/type1/public/amsfonts/cm/cmr7.pfb></usr/share/texlive/texmf-dist/fonts/t
ype1/public/amsfonts/cm/cmsy10.pfb></usr/share/texlive/texmf-dist/fonts/type1/p
ublic/amsfonts/cm/cmti10.pfb>
Output written on related.pdf (17 pages, 277957 bytes).
PDF statistics:
 152 PDF objects out of 1000 (max. 8388607)
 111 compressed objects within 2 object streams
 0 named destinations out of 1000 (max. 500000)
 21 words of extra memory for PDF output out of 10000 (max. 10000000)

